<?xml version="1.0" encoding="UTF-8"?>
<!-- Generated by org.testng.reporters.JUnitReportReporter -->
<testsuite skipped="0" hostname="HP-P045TX" name="MavenProject.TestCaseExecution.TestNg" tests="1" failures="0" timestamp="2022-08-17T08:20:46 IST" time="6.388" errors="0">
  <testcase name="testCaseName" time="6.388" classname="MavenProject.TestCaseExecution.TestNg"/>
  <system-out/>
</testsuite> <!-- MavenProject.TestCaseExecution.TestNg -->
