<?xml version="1.0" encoding="UTF-8"?>
<!-- Generated by org.testng.reporters.JUnitReportReporter -->
<testsuite skipped="0" hostname="HP-P045TX" name="MavenProject.TestCaseExecution.TestNgAPI" tests="1" failures="0" timestamp="2022-08-18T08:50:43 IST" time="2.623" errors="0">
  <testcase name="testCaseName" time="2.623" classname="MavenProject.TestCaseExecution.TestNgAPI"/>
  <system-out/>
</testsuite> <!-- MavenProject.TestCaseExecution.TestNgAPI -->
