<?xml version="1.0" encoding="UTF-8"?>
<!-- Generated by org.testng.reporters.JUnitReportReporter -->
<testsuite skipped="0" hostname="HP-P045TX" name="MavenProject.TestCaseExecution.TestNgUI" tests="1" failures="0" timestamp="2022-08-18T08:55:22 IST" time="67.392" errors="0">
  <testcase name="testCaseName" time="67.392" classname="MavenProject.TestCaseExecution.TestNgUI"/>
  <system-out/>
</testsuite> <!-- MavenProject.TestCaseExecution.TestNgUI -->
